<?xml version="1.0" encoding="UTF-8"?>
<!-- Generated by org.testng.reporters.JUnitXMLReporter -->
<testsuite ignored="0" hostname="LAPTOP-6LMMRF07" failures="0" tests="4" name="Test" time="28.933" errors="0" timestamp="2024-08-08T13:22:35 IST">
  <testcase classname="tests.DummyThreeTest" name="testThree" time="0.0"/>
  <testcase classname="tests.LoginTest" name="login" time="14.072"/>
  <testcase classname="tests.LoginTest" name="login" time="4.415"/>
  <testcase classname="tests.DummyTwoTest" name="testTwo" time="0.0"/>
</testsuite> <!-- Test -->
