<?xml version="1.0" encoding="UTF-8"?>
<testng-results ignored="0" total="4" passed="4" failed="0" skipped="0">
  <reporter-output>
  </reporter-output>
  <suite started-at="2024-08-08T13:22:06 IST" name="Suite" finished-at="2024-08-08T13:22:35 IST" duration-ms="28933">
    <groups>
    </groups>
    <test started-at="2024-08-08T13:22:06 IST" name="Test" finished-at="2024-08-08T13:22:35 IST" duration-ms="28933">
      <class name="tests.LoginTest">
        <test-method is-config="true" signature="setup()[pri:0, instance:tests.LoginTest@3646a422]" started-at="2024-08-08T13:22:06 IST" name="setup" finished-at="2024-08-08T13:22:10 IST" duration-ms="3386" status="PASS">
          <reporter-output>
          </reporter-output>
        </test-method> <!-- setup -->
        <test-method signature="login(java.lang.String,java.lang.String,java.lang.String)[pri:0, instance:tests.LoginTest@3646a422]" started-at="2024-08-08T13:22:10 IST" name="login" data-provider="getLoginData" finished-at="2024-08-08T13:22:24 IST" duration-ms="14072" status="PASS">
          <params>
            <param index="0">
              <value>
                <![CDATA[abd@yopmail.com]]>
              </value>
            </param>
            <param index="1">
              <value>
                <![CDATA[abc@123]]>
              </value>
            </param>
            <param index="2">
              <value>
                <![CDATA[Failure]]>
              </value>
            </param>
          </params>
          <reporter-output>
          </reporter-output>
        </test-method> <!-- login -->
        <test-method is-config="true" signature="teardown()[pri:0, instance:tests.LoginTest@3646a422]" started-at="2024-08-08T13:22:24 IST" name="teardown" finished-at="2024-08-08T13:22:24 IST" duration-ms="698" status="PASS">
          <reporter-output>
          </reporter-output>
        </test-method> <!-- teardown -->
        <test-method is-config="true" signature="setup()[pri:0, instance:tests.LoginTest@3646a422]" started-at="2024-08-08T13:22:24 IST" name="setup" finished-at="2024-08-08T13:22:30 IST" duration-ms="5497" status="PASS">
          <reporter-output>
          </reporter-output>
        </test-method> <!-- setup -->
        <test-method signature="login(java.lang.String,java.lang.String,java.lang.String)[pri:0, instance:tests.LoginTest@3646a422]" started-at="2024-08-08T13:22:30 IST" name="login" data-provider="getLoginData" finished-at="2024-08-08T13:22:34 IST" duration-ms="4415" status="PASS">
          <params>
            <param index="0">
              <value>
                <![CDATA[aaku@yopmail.com]]>
              </value>
            </param>
            <param index="1">
              <value>
                <![CDATA[abc@123]]>
              </value>
            </param>
            <param index="2">
              <value>
                <![CDATA[Successfull]]>
              </value>
            </param>
          </params>
          <reporter-output>
          </reporter-output>
        </test-method> <!-- login -->
        <test-method is-config="true" signature="teardown()[pri:0, instance:tests.LoginTest@3646a422]" started-at="2024-08-08T13:22:34 IST" name="teardown" finished-at="2024-08-08T13:22:35 IST" duration-ms="795" status="PASS">
          <reporter-output>
          </reporter-output>
        </test-method> <!-- teardown -->
      </class> <!-- tests.LoginTest -->
      <class name="tests.DummyThreeTest">
        <test-method signature="testThree()[pri:0, instance:tests.DummyThreeTest@2794eab6]" started-at="2024-08-08T13:22:06 IST" name="testThree" finished-at="2024-08-08T13:22:06 IST" duration-ms="0" status="PASS">
          <reporter-output>
          </reporter-output>
        </test-method> <!-- testThree -->
      </class> <!-- tests.DummyThreeTest -->
      <class name="tests.DummyTwoTest">
        <test-method signature="testTwo()[pri:0, instance:tests.DummyTwoTest@33065d67]" started-at="2024-08-08T13:22:35 IST" name="testTwo" finished-at="2024-08-08T13:22:35 IST" duration-ms="0" status="PASS">
          <reporter-output>
          </reporter-output>
        </test-method> <!-- testTwo -->
      </class> <!-- tests.DummyTwoTest -->
    </test> <!-- Test -->
  </suite> <!-- Suite -->
</testng-results>
