<?xml version="1.0" encoding="UTF-8"?>
<testsuite xmlns:xsi="http://www.w3.org/2001/XMLSchema-instance" xsi:noNamespaceSchemaLocation="https://maven.apache.org/surefire/maven-surefire-plugin/xsd/surefire-test-report.xsd" version="3.0.2" name="TestSuite" time="29.847" tests="4" errors="0" skipped="0" failures="0">
  <properties>
[...]
</properties>
  <testcase name="testThree" classname="tests.DummyThreeTest" time="0.019">
    <system-out><![CDATA[Inside testThree
]]></system-out>
    <system-err><![CDATA[SLF4J(W): No SLF4J providers were found.
SLF4J(W): Defaulting to no-operation (NOP) logger implementation
SLF4J(W): See https://www.slf4j.org/codes.html#noProviders for further details.
]]></system-err>
  </testcase>
  <testcase name="login[abd@yopmail.com, abc@123, Failure](1)" classname="tests.LoginTest" time="14.071"/>
  <testcase name="login[aaku@yopmail.com, abc@123, Successfull](2)" classname="tests.LoginTest" time="4.415"/>
  <testcase name="testTwo" classname="tests.DummyTwoTest" time="0.0">
    <system-out><![CDATA[Inside testTwo
]]></system-out>
  </testcase>
</testsuite>